0 info it worked if it ends with ok
1 verbose cli [ '/usr/local/bin/node',
1 verbose cli   '/usr/local/bin/npm',
1 verbose cli   'run',
1 verbose cli   'json:server' ]
2 info using npm@3.10.10
3 info using node@v6.11.1
4 verbose run-script [ 'prejson:server', 'json:server', 'postjson:server' ]
5 info lifecycle customerbase@1.0.0~prejson:server: customerbase@1.0.0
6 silly lifecycle customerbase@1.0.0~prejson:server: no script for prejson:server, continuing
7 info lifecycle customerbase@1.0.0~json:server: customerbase@1.0.0
8 verbose lifecycle customerbase@1.0.0~json:server: unsafe-perm in lifecycle true
9 verbose lifecycle customerbase@1.0.0~json:server: PATH: /usr/local/lib/node_modules/npm/bin/node-gyp-bin:/Users/i318668/customerbase/node_modules/.bin:/Users/i318668/anaconda/bin:/Users/i318668/s4/ez:/usr/local/mysql/bin:/opt/local/bin:/opt/local/sbin:/Users/i318668/.sdkman/candidates/springboot/current/bin:/Users/i318668/.sdkman/candidates/gradle/current/bin:/Library/Frameworks/Python.framework/Versions/3.5/bin:/usr/local/apache-maven-3.3.9/bin:/usr/local/ActivePerl-5.10/bin:/usr/local/ActivePerl-5.10/site/bin:/Users/i318668/Downloads/ActivePerl-5.10/site/bin:/usr/local/instantclient_10_2:/Applications/Xcode.app/Contents/Developer/usr/bin:/Applications:/usr/local/bin:/usr/bin:/bin:/usr/sbin:/sbin:/usr/local/git/bin:/ariba/knitesh/ariba/3rdParty/ishield/main/:/Users/i318668/hadoop-2.7.3/bin:/Users/i318668/AN/devtools/apache-maven-3.1.1/bin
10 verbose lifecycle customerbase@1.0.0~json:server: CWD: /Users/i318668/customerbase
11 silly lifecycle customerbase@1.0.0~json:server: Args: [ '-c', 'json-server --watch data.json' ]
12 silly lifecycle customerbase@1.0.0~json:server: Returned: code: 1  signal: null
13 info lifecycle customerbase@1.0.0~json:server: Failed to exec json:server script
14 verbose stack Error: customerbase@1.0.0 json:server: `json-server --watch data.json`
14 verbose stack Exit status 1
14 verbose stack     at EventEmitter.<anonymous> (/usr/local/lib/node_modules/npm/lib/utils/lifecycle.js:255:16)
14 verbose stack     at emitTwo (events.js:106:13)
14 verbose stack     at EventEmitter.emit (events.js:191:7)
14 verbose stack     at ChildProcess.<anonymous> (/usr/local/lib/node_modules/npm/lib/utils/spawn.js:40:14)
14 verbose stack     at emitTwo (events.js:106:13)
14 verbose stack     at ChildProcess.emit (events.js:191:7)
14 verbose stack     at maybeClose (internal/child_process.js:891:16)
14 verbose stack     at Process.ChildProcess._handle.onexit (internal/child_process.js:226:5)
15 verbose pkgid customerbase@1.0.0
16 verbose cwd /Users/i318668/customerbase
17 error Darwin 16.4.0
18 error argv "/usr/local/bin/node" "/usr/local/bin/npm" "run" "json:server"
19 error node v6.11.1
20 error npm  v3.10.10
21 error code ELIFECYCLE
22 error customerbase@1.0.0 json:server: `json-server --watch data.json`
22 error Exit status 1
23 error Failed at the customerbase@1.0.0 json:server script 'json-server --watch data.json'.
23 error Make sure you have the latest version of node.js and npm installed.
23 error If you do, this is most likely a problem with the customerbase package,
23 error not with npm itself.
23 error Tell the author that this fails on your system:
23 error     json-server --watch data.json
23 error You can get information on how to open an issue for this project with:
23 error     npm bugs customerbase
23 error Or if that isn't available, you can get their info via:
23 error     npm owner ls customerbase
23 error There is likely additional logging output above.
24 verbose exit [ 1, true ]
